  main.cpp
C:\Users\PC\Desktop\OpenCV  (C++)\내가 하는거\HelloCV\HelloCV\main.cpp(36,31): warning C4244: '인수': 'int'에서 '_Tp'(으)로 변환하면서 데이터가 손실될 수 있습니다.
C:\Users\PC\Desktop\OpenCV  (C++)\내가 하는거\HelloCV\HelloCV\main.cpp(36,31): warning C4244:         with
C:\Users\PC\Desktop\OpenCV  (C++)\내가 하는거\HelloCV\HelloCV\main.cpp(36,31): warning C4244:         [
C:\Users\PC\Desktop\OpenCV  (C++)\내가 하는거\HelloCV\HelloCV\main.cpp(36,31): warning C4244:             _Tp=float
C:\Users\PC\Desktop\OpenCV  (C++)\내가 하는거\HelloCV\HelloCV\main.cpp(36,31): warning C4244:         ]
C:\Users\PC\Desktop\OpenCV  (C++)\내가 하는거\HelloCV\HelloCV\main.cpp(36,28): warning C4244: '인수': 'int'에서 '_Tp'(으)로 변환하면서 데이터가 손실될 수 있습니다.
C:\Users\PC\Desktop\OpenCV  (C++)\내가 하는거\HelloCV\HelloCV\main.cpp(36,28): warning C4244:         with
C:\Users\PC\Desktop\OpenCV  (C++)\내가 하는거\HelloCV\HelloCV\main.cpp(36,28): warning C4244:         [
C:\Users\PC\Desktop\OpenCV  (C++)\내가 하는거\HelloCV\HelloCV\main.cpp(36,28): warning C4244:             _Tp=float
C:\Users\PC\Desktop\OpenCV  (C++)\내가 하는거\HelloCV\HelloCV\main.cpp(36,28): warning C4244:         ]
C:\Users\PC\Desktop\OpenCV  (C++)\내가 하는거\HelloCV\HelloCV\main.cpp(45,27): warning C4244: '인수': 'int'에서 '_Tp'(으)로 변환하면서 데이터가 손실될 수 있습니다.
C:\Users\PC\Desktop\OpenCV  (C++)\내가 하는거\HelloCV\HelloCV\main.cpp(45,27): warning C4244:         with
C:\Users\PC\Desktop\OpenCV  (C++)\내가 하는거\HelloCV\HelloCV\main.cpp(45,27): warning C4244:         [
C:\Users\PC\Desktop\OpenCV  (C++)\내가 하는거\HelloCV\HelloCV\main.cpp(45,27): warning C4244:             _Tp=float
C:\Users\PC\Desktop\OpenCV  (C++)\내가 하는거\HelloCV\HelloCV\main.cpp(45,27): warning C4244:         ]
C:\Users\PC\Desktop\OpenCV  (C++)\내가 하는거\HelloCV\HelloCV\main.cpp(46,34): warning C4244: '인수': 'int'에서 '_Tp'(으)로 변환하면서 데이터가 손실될 수 있습니다.
C:\Users\PC\Desktop\OpenCV  (C++)\내가 하는거\HelloCV\HelloCV\main.cpp(46,34): warning C4244:         with
C:\Users\PC\Desktop\OpenCV  (C++)\내가 하는거\HelloCV\HelloCV\main.cpp(46,34): warning C4244:         [
C:\Users\PC\Desktop\OpenCV  (C++)\내가 하는거\HelloCV\HelloCV\main.cpp(46,34): warning C4244:             _Tp=float
C:\Users\PC\Desktop\OpenCV  (C++)\내가 하는거\HelloCV\HelloCV\main.cpp(46,34): warning C4244:         ]
C:\Users\PC\Desktop\OpenCV  (C++)\내가 하는거\HelloCV\HelloCV\main.cpp(46,27): warning C4244: '인수': 'int'에서 '_Tp'(으)로 변환하면서 데이터가 손실될 수 있습니다.
C:\Users\PC\Desktop\OpenCV  (C++)\내가 하는거\HelloCV\HelloCV\main.cpp(46,27): warning C4244:         with
C:\Users\PC\Desktop\OpenCV  (C++)\내가 하는거\HelloCV\HelloCV\main.cpp(46,27): warning C4244:         [
C:\Users\PC\Desktop\OpenCV  (C++)\내가 하는거\HelloCV\HelloCV\main.cpp(46,27): warning C4244:             _Tp=float
C:\Users\PC\Desktop\OpenCV  (C++)\내가 하는거\HelloCV\HelloCV\main.cpp(46,27): warning C4244:         ]
C:\Users\PC\Desktop\OpenCV  (C++)\내가 하는거\HelloCV\HelloCV\main.cpp(47,30): warning C4244: '인수': 'int'에서 '_Tp'(으)로 변환하면서 데이터가 손실될 수 있습니다.
C:\Users\PC\Desktop\OpenCV  (C++)\내가 하는거\HelloCV\HelloCV\main.cpp(47,30): warning C4244:         with
C:\Users\PC\Desktop\OpenCV  (C++)\내가 하는거\HelloCV\HelloCV\main.cpp(47,30): warning C4244:         [
C:\Users\PC\Desktop\OpenCV  (C++)\내가 하는거\HelloCV\HelloCV\main.cpp(47,30): warning C4244:             _Tp=float
C:\Users\PC\Desktop\OpenCV  (C++)\내가 하는거\HelloCV\HelloCV\main.cpp(47,30): warning C4244:         ]
  코드를 생성하고 있습니다.
  1 of 97 functions ( 1.0%) were compiled, the rest were copied from previous compilation.
    0 functions were new in current compilation
    0 functions had inline decision re-evaluated but remain unchanged
  코드를 생성했습니다.
  HelloCV.vcxproj -> C:\Users\PC\Desktop\OpenCV  (C++)\내가 하는거\HelloCV\x64\Release\HelloCV.exe
