  main.cpp
C:\Users\PC\Desktop\HelloCV\HelloCV\main.cpp(44,31): warning C4244: '인수': 'int'에서 '_Tp'(으)로 변환하면서 데이터가 손실될 수 있습니다.
C:\Users\PC\Desktop\HelloCV\HelloCV\main.cpp(44,31): warning C4244:         with
C:\Users\PC\Desktop\HelloCV\HelloCV\main.cpp(44,31): warning C4244:         [
C:\Users\PC\Desktop\HelloCV\HelloCV\main.cpp(44,31): warning C4244:             _Tp=float
C:\Users\PC\Desktop\HelloCV\HelloCV\main.cpp(44,31): warning C4244:         ]
C:\Users\PC\Desktop\HelloCV\HelloCV\main.cpp(44,28): warning C4244: '인수': 'int'에서 '_Tp'(으)로 변환하면서 데이터가 손실될 수 있습니다.
C:\Users\PC\Desktop\HelloCV\HelloCV\main.cpp(44,28): warning C4244:         with
C:\Users\PC\Desktop\HelloCV\HelloCV\main.cpp(44,28): warning C4244:         [
C:\Users\PC\Desktop\HelloCV\HelloCV\main.cpp(44,28): warning C4244:             _Tp=float
C:\Users\PC\Desktop\HelloCV\HelloCV\main.cpp(44,28): warning C4244:         ]
C:\Users\PC\Desktop\HelloCV\HelloCV\main.cpp(53,27): warning C4244: '인수': 'int'에서 '_Tp'(으)로 변환하면서 데이터가 손실될 수 있습니다.
C:\Users\PC\Desktop\HelloCV\HelloCV\main.cpp(53,27): warning C4244:         with
C:\Users\PC\Desktop\HelloCV\HelloCV\main.cpp(53,27): warning C4244:         [
C:\Users\PC\Desktop\HelloCV\HelloCV\main.cpp(53,27): warning C4244:             _Tp=float
C:\Users\PC\Desktop\HelloCV\HelloCV\main.cpp(53,27): warning C4244:         ]
C:\Users\PC\Desktop\HelloCV\HelloCV\main.cpp(54,34): warning C4244: '인수': 'int'에서 '_Tp'(으)로 변환하면서 데이터가 손실될 수 있습니다.
C:\Users\PC\Desktop\HelloCV\HelloCV\main.cpp(54,34): warning C4244:         with
C:\Users\PC\Desktop\HelloCV\HelloCV\main.cpp(54,34): warning C4244:         [
C:\Users\PC\Desktop\HelloCV\HelloCV\main.cpp(54,34): warning C4244:             _Tp=float
C:\Users\PC\Desktop\HelloCV\HelloCV\main.cpp(54,34): warning C4244:         ]
C:\Users\PC\Desktop\HelloCV\HelloCV\main.cpp(54,27): warning C4244: '인수': 'int'에서 '_Tp'(으)로 변환하면서 데이터가 손실될 수 있습니다.
C:\Users\PC\Desktop\HelloCV\HelloCV\main.cpp(54,27): warning C4244:         with
C:\Users\PC\Desktop\HelloCV\HelloCV\main.cpp(54,27): warning C4244:         [
C:\Users\PC\Desktop\HelloCV\HelloCV\main.cpp(54,27): warning C4244:             _Tp=float
C:\Users\PC\Desktop\HelloCV\HelloCV\main.cpp(54,27): warning C4244:         ]
C:\Users\PC\Desktop\HelloCV\HelloCV\main.cpp(55,30): warning C4244: '인수': 'int'에서 '_Tp'(으)로 변환하면서 데이터가 손실될 수 있습니다.
C:\Users\PC\Desktop\HelloCV\HelloCV\main.cpp(55,30): warning C4244:         with
C:\Users\PC\Desktop\HelloCV\HelloCV\main.cpp(55,30): warning C4244:         [
C:\Users\PC\Desktop\HelloCV\HelloCV\main.cpp(55,30): warning C4244:             _Tp=float
C:\Users\PC\Desktop\HelloCV\HelloCV\main.cpp(55,30): warning C4244:         ]
  HelloCV.vcxproj -> C:\Users\PC\Desktop\HelloCV\x64\Debug\HelloCV.exe
